<?xml version="1.0" encoding="UTF-8"?>
<testsuite name="JUnitTest" tests="1" skipped="0" failures="0" errors="0" timestamp="2023-09-26T22:13:29" hostname="LAPTOP-9Q47C6E9" time="0.012">
  <properties/>
  <testcase name="1+2는 3이다" classname="JUnitTest" time="0.012"/>
  <system-out><![CDATA[]]></system-out>
  <system-err><![CDATA[]]></system-err>
</testsuite>
